00000000 9.2.2
00001922 2024/01/13
00002891 CreateMutex
00003422 AfxOleInit()
00003891 AfxOleGetMessageFilter()->SetMessagePendingDelay
00004703 AfxOleGetMessageFilter()->EnableNotRespondingDialog(FALSE)
00005391 AfxOleGetMessageFilter()->EnableBusyDialog(FALSE)
00005531 CDiskInfoDlg::CDiskInfoDlg - START
00005687 CDiskInfoDlg::CDiskInfoDlg - CENTER
00005859 CDiskInfoDlg::CDiskInfoDlg - END
00005969 dlg.DoModal()
00012734 InitAta
00013687 CAtaSmart::Init WMI on - Start
00014344 CoInitializeSecurity()
00015078 CoCreateInstance()
00015547 ConnectServer()
00015906 CoSetProxyBlanket()
00016266 OK:WMI Init
00019375 OK:Win32_IDEController
00020062 OK:Win32_SCSIController
00020453 --ControllerMap--
 - 표준 SATA AHCI 컨트롤러 [ATA]
 + 표준 SATA AHCI 컨트롤러 [ATA]
   - Samsung SSD 850 PRO 512GB
 + UAS(USB Attached SCSI) 대용량 저장 장치 [SCSI]
   - Samsung PSSD T7 Shield SCSI Disk Device
 - Microsoft Storage Spaces Controller [SCSI]
 - UAS(USB Attached SCSI) 대용량 저장 장치 [SCSI]
 - Microsoft VHD Loopback Controller [SCSI]

00022047 OK:Win32_USBController
00022703 WakeUp(0)
00023500 WakeUp(1)
00023953 CSMI
00025047 Intel/AMD RAID (CSMI)
00025672 AddDiskCsmi(0)
00026250 FAILED: CC_CSMI_SAS_GET_DRIVER_INFO
00027062 FAILED: CC_CSMI_SAS_GET_RAID_INFO
00028016 FAILED: CC_CSMI_SAS_GET_PHY_INFO
00028547 AddDiskCsmi(1)
00029609 FAILED: CC_CSMI_SAS_GET_DRIVER_INFO
00030156 FAILED: CC_CSMI_SAS_GET_RAID_INFO
00030766 FAILED: CC_CSMI_SAS_GET_PHY_INFO
00031047 AddDiskCsmi(2)
00031687 FAILED: CC_CSMI_SAS_GET_DRIVER_INFO
00032094 FAILED: CC_CSMI_SAS_GET_RAID_INFO
00032234 FAILED: CC_CSMI_SAS_GET_PHY_INFO
00032406 AddDiskCsmi(3)
00032547 FAILED: INVALID_HANDLE_VALUE
00032703 AddDiskCsmi(4)
00033000 FAILED: CC_CSMI_SAS_GET_DRIVER_INFO
00033141 FAILED: CC_CSMI_SAS_GET_RAID_INFO
00033312 FAILED: CC_CSMI_SAS_GET_PHY_INFO
00033469 AddDiskCsmi(5)
00033625 FAILED: INVALID_HANDLE_VALUE
00033781 AddDiskCsmi(6)
00033937 FAILED: INVALID_HANDLE_VALUE
00034078 AddDiskCsmi(7)
00034219 FAILED: INVALID_HANDLE_VALUE
00034391 AddDiskCsmi(8)
00034531 FAILED: INVALID_HANDLE_VALUE
00034687 AddDiskCsmi(9)
00034828 FAILED: INVALID_HANDLE_VALUE
00034984 AddDiskCsmi(10)
00035141 FAILED: INVALID_HANDLE_VALUE
00035766 AddDiskCsmi(11)
00036141 FAILED: INVALID_HANDLE_VALUE
00036641 AddDiskCsmi(12)
00036672 FAILED: INVALID_HANDLE_VALUE
00036703 AddDiskCsmi(13)
00036734 FAILED: INVALID_HANDLE_VALUE
00036781 AddDiskCsmi(14)
00036812 FAILED: INVALID_HANDLE_VALUE
00036844 AddDiskCsmi(15)
00036875 FAILED: INVALID_HANDLE_VALUE
00036906 MegaRAID
00036937 DO:SELECT * FROM Win32_DiskDrive
00036969 OK1:SELECT * FROM Win32_DiskDrive
00037109 while(pEnumCOMDevs ...
00037609 diskSize:512105932800
00037641 deviceId:\\.\PHYSICALDRIVE0
00037672 model:Samsung SSD 850 PRO 512GB
00037703 mediaType:Fixed hard disk media
00037734 interfaceTypeWmi:IDE
00037766 pnpDeviceId:SCSI\DISK&VEN_SAMSUNG&PROD_SSD_850_PRO_512G\5&2FCD9863&0&000000
00037812 DO:GetDiskInfo pd=0, sp=1, st=0, mt=fixed hard disk media
00037844 InterfaceTypeId=0
00037875 flagTarget && GetDiskInfo
00037906 GetDiskInfo
00037937 DoIdentifyDevicePd(0, 0xA0) - 1
00037969 SendAtaCommandPd - IDENTIFY_DEVICE (ATA_PASS_THROUGH)
00038000 AddDisk(0, 1, 0) - 6
00038031 GetSmartAttributePd(0) - 1
00038062 SendAtaCommandPd - SMART_READ_DATA (ATA_PASS_THROUGH)
00038109 SendAtaCommandPd - SMART_READ_DATA (ATA_PASS_THROUGH)
00038141 SendAtaCommandPd - SMART_READ_THRESHOLDS (ATA_PASS_THROUGH)
00038172 index=0
00038203 index=0, previousCount=0
00038234 OK:Check Model Name
00038266 while(pEnumCOMDevs ...
00038297 diskSize:4000784417280
00038328 deviceId:\\.\PHYSICALDRIVE1
00038375 model:Samsung PSSD T7 Shield SCSI Disk Device
00038406 mediaType:External hard disk media
00038437 interfaceTypeWmi:SCSI
00038469 pnpDeviceId:SCSI\DISK&VEN_SAMSUNG&PROD_PSSD_T7_SHIELD\6&3AACF1C1&0&000000
00038500 UASPController:SCSI\DISK&VEN_SAMSUNG&PROD_PSSD_T7_SHIELD\6&3AACF1C1&0&000000
00038531 DO:GetDiskInfo pd=1, sp=2, st=0, mt=external hard disk media
00038562 INTERFACE_TYPE_USB
00038594 InterfaceTypeId=3
00038641 flagTarget && GetDiskInfo
00038672 GetDiskInfo
00038703 else (USB-HDD)
00038734 FlagUsbSat=1
00038766 DoIdentifyDeviceSat pd=1, tt=160, ct=4
00038797 count=0
00038828 DoIdentifyDeviceSat pd=1, tt=160, ct=9
00038859 count=0
00038891 DoIdentifyDeviceSat pd=1, tt=160, ct=5
00038937 count=0
00038969 DoIdentifyDeviceSat pd=1, tt=160, ct=10
00039000 count=0
00039031 DoIdentifyDeviceSat pd=1, tt=160, ct=7
00039062 AddDisk - USB14
00039094 DoIdentifyDeviceSat pd=1, tt=160, ct=8
00039125 count=0
00039156 DoIdentifyDeviceSat pd=1, tt=176, ct=4
00039203 count=0
00039234 DoIdentifyDeviceSat pd=1, tt=176, ct=9
00039266 count=0
00039297 DoIdentifyDeviceSat pd=1, tt=176, ct=5
00039328 count=0
00039359 DoIdentifyDeviceSat pd=1, tt=176, ct=10
00039391 count=0
00039422 DoIdentifyDeviceSat pd=1, tt=176, ct=7
00039453 AddDisk - USB19
00039500 DoIdentifyDeviceSat pd=1, tt=176, ct=8
00039531 count=0
00039578 DoIdentifyDeviceNVMeASMedia
00039594 AddDiskNVMe - CMD_TYPE_NVME_ASMEDIA
00039719 index=1
00039719 index=1, previousCount=1
00039750 OK:Check Model Name
00039797 uReturned != 1
00039828 OK2:SELECT * FROM Win32_DiskDrive
00039859 OK:GetDiskInfo - PhysicalDrive
00039891 Drive Letter Mapping - Start
00039922 A:\
00039953 Drive Letter Mapping - != DRIVE_FIXED
00039984 B:\
00040016 Drive Letter Mapping - != DRIVE_FIXED
00040062 C:\
00040094 \\.\C:
00040125 volumeDiskExtents.NumberOfDiskExtents = 1
00040156 n = 0, pDiskExtent->DiskNumber = 0
00040187 D:\
00040219 Drive Letter Mapping - != DRIVE_FIXED
00040250 E:\
00040281 \\.\E:
00040328 volumeDiskExtents.NumberOfDiskExtents = 1
00040359 n = 0, pDiskExtent->DiskNumber = 1
00040391 F:\
00040422 Drive Letter Mapping - != DRIVE_FIXED
00040453 G:\
00040484 Drive Letter Mapping - != DRIVE_FIXED
00040516 H:\
00040547 Drive Letter Mapping - != DRIVE_FIXED
00040578 I:\
00040625 Drive Letter Mapping - != DRIVE_FIXED
00040656 J:\
00040687 Drive Letter Mapping - != DRIVE_FIXED
00040719 K:\
00040750 Drive Letter Mapping - != DRIVE_FIXED
00040781 L:\
00040812 Drive Letter Mapping - != DRIVE_FIXED
00040844 M:\
00040891 Drive Letter Mapping - != DRIVE_FIXED
00040922 N:\
00040953 Drive Letter Mapping - != DRIVE_FIXED
00040984 O:\
00041016 Drive Letter Mapping - != DRIVE_FIXED
00041047 P:\
00041078 Drive Letter Mapping - != DRIVE_FIXED
00041109 Q:\
00041141 Drive Letter Mapping - != DRIVE_FIXED
00041187 R:\
00041219 Drive Letter Mapping - != DRIVE_FIXED
00041250 S:\
00041281 Drive Letter Mapping - != DRIVE_FIXED
00041297 T:\
00041344 Drive Letter Mapping - != DRIVE_FIXED
00041375 U:\
00041391 Drive Letter Mapping - != DRIVE_FIXED
00041437 V:\
00041484 Drive Letter Mapping - != DRIVE_FIXED
00041516 W:\
00041531 Drive Letter Mapping - != DRIVE_FIXED
00041562 X:\
00041594 Drive Letter Mapping - != DRIVE_FIXED
00041641 Y:\
00041672 Drive Letter Mapping - != DRIVE_FIXED
00041703 Z:\
00041750 Drive Letter Mapping - != DRIVE_FIXED
00041781 Drive Letter Mapping - End
00041797 C
00041828 E
00041875 CAtaSmart::Init - Complete
00041891 Sort by DriveLetter
00041922 SaveSmartInfo(i)
00042000 SaveSmartInfo(i)
00042047 CheckResident()
00042062 SetTimer(TIMER_SET_POWER_ON_UNIT, 130000, 0)
00042078 AutoAamApmAdaption()
00042094 UpdateShareInfo()
00042125 RegisterDeviceNotification
00042156 InitDialogComplete
00042203 RestorePos()
00042234 CheckStartup
00042250 CheckHideSerialNumber
00042297 ChangeZoomType
00042328 UpdateDialogSize
00042484 ChangeLang
00042500 SendAtaCommandPd - SMART_READ_DATA (ATA_PASS_THROUGH)
00042531 SendAtaCommandPd - SMART_READ_DATA (ATA_PASS_THROUGH)
00042672 CheckPage()
00042672 ShowWindow(SW_SHOW)
